# JRE version: Java(TM) SE Runtime Environment (7.0_60-b19) (build 1.7.0_60-b19)
# Java VM: Java HotSpot(TM) Client VM (24.60-b09 mixed mode windows-x86 )
Heap
 def new generation   total 15488K, used 3896K [0x03c00000, 0x04cc0000, 0x09150000)
  eden space 13824K,  23% used [0x03c00000, 0x03f2bfa8, 0x04980000)
  from space 1664K,  38% used [0x04b20000, 0x04bc2318, 0x04cc0000)
  to   space 1664K,   0% used [0x04980000, 0x04980000, 0x04b20000)
 tenured generation   total 34212K, used 27924K [0x09150000, 0x0b2b9000, 0x13c00000)
   the space 34212K,  81% used [0x09150000, 0x0ac95050, 0x0ac95200, 0x0b2b9000)
 compacting perm gen  total 25600K, used 25441K [0x13c00000, 0x15500000, 0x17c00000)
   the space 25600K,  99% used [0x13c00000, 0x154d86c0, 0x154d8800, 0x15500000)
GC Heap History (10 events):
Event: 1780.027 GC heap before
{Heap before GC invocations=51 (full 5):
 def new generation   total 15488K, used 13969K [0x03c00000, 0x04cc0000, 0x09150000)
  eden space 13824K, 100% used [0x03c00000, 0x04980000, 0x04980000)
  from space 1664K,   8% used [0x04980000, 0x049a4760, 0x04b20000)
  to   space 1664K,   0% used [0x04b20000, 0x04b20000, 0x04cc0000)
 tenured generation   total 34212K, used 20527K [0x09150000, 0x0b2b9000, 0x13c00000)
   the space 34212K,  59% used [0x09150000, 0x0a55bc38, 0x0a55be00, 0x0b2b9000)
 compacting perm gen  total 25600K, used 25438K [0x13c00000, 0x15500000, 0x17c00000)
   the space 25600K,  99% used [0x13c00000, 0x154d7800, 0x154d7800, 0x15500000)
No shared spaces configured.
Event: 1780.033 GC heap after
Heap after GC invocations=52 (full 5):
 def new generation   total 15488K, used 624K [0x03c00000, 0x04cc0000, 0x09150000)
  eden space 13824K,   0% used [0x03c00000, 0x03c00000, 0x04980000)
  from space 1664K,  37% used [0x04b20000, 0x04bbc000, 0x04cc0000)
  to   space 1664K,   0% used [0x04980000, 0x04980000, 0x04b20000)
 tenured generation   total 34212K, used 24322K [0x09150000, 0x0b2b9000, 0x13c00000)
   the space 34212K,  71% used [0x09150000, 0x0a910aa0, 0x0a910c00, 0x0b2b9000)
 compacting perm gen  total 25600K, used 25438K [0x13c00000, 0x15500000, 0x17c00000)
   the space 25600K,  99% used [0x13c00000, 0x154d7800, 0x154d7800, 0x15500000)
No shared spaces configured.
}
Event: 1811.535 GC heap before
{Heap before GC invocations=52 (full 5):
 def new generation   total 15488K, used 14448K [0x03c00000, 0x04cc0000, 0x09150000)
  eden space 13824K, 100% used [0x03c00000, 0x04980000, 0x04980000)
  from space 1664K,  37% used [0x04b20000, 0x04bbc000, 0x04cc0000)
  to   space 1664K,   0% used [0x04980000, 0x04980000, 0x04b20000)
 tenured generation   total 34212K, used 24322K [0x09150000, 0x0b2b9000, 0x13c00000)
   the space 34212K,  71% used [0x09150000, 0x0a910aa0, 0x0a910c00, 0x0b2b9000)
 compacting perm gen  total 25600K, used 25438K [0x13c00000, 0x15500000, 0x17c00000)
   the space 25600K,  99% used [0x13c00000, 0x154d7860, 0x154d7a00, 0x15500000)
No shared spaces configured.
Event: 1811.537 GC heap after
Heap after GC invocations=53 (full 5):
 def new generation   total 15488K, used 506K [0x03c00000, 0x04cc0000, 0x09150000)
  eden space 13824K,   0% used [0x03c00000, 0x03c00000, 0x04980000)
  from space 1664K,  30% used [0x04980000, 0x049fe988, 0x04b20000)
  to   space 1664K,   0% used [0x04b20000, 0x04b20000, 0x04cc0000)
 tenured generation   total 34212K, used 24322K [0x09150000, 0x0b2b9000, 0x13c00000)
   the space 34212K,  71% used [0x09150000, 0x0a910aa0, 0x0a910c00, 0x0b2b9000)
 compacting perm gen  total 25600K, used 25438K [0x13c00000, 0x15500000, 0x17c00000)
   the space 25600K,  99% used [0x13c00000, 0x154d7860, 0x154d7a00, 0x15500000)
No shared spaces configured.
}
Event: 1838.579 GC heap before
{Heap before GC invocations=53 (full 5):
 def new generation   total 15488K, used 14330K [0x03c00000, 0x04cc0000, 0x09150000)
  eden space 13824K, 100% used [0x03c00000, 0x04980000, 0x04980000)
  from space 1664K,  30% used [0x04980000, 0x049fe988, 0x04b20000)
  to   space 1664K,   0% used [0x04b20000, 0x04b20000, 0x04cc0000)
 tenured generation   total 34212K, used 24322K [0x09150000, 0x0b2b9000, 0x13c00000)
   the space 34212K,  71% used [0x09150000, 0x0a910aa0, 0x0a910c00, 0x0b2b9000)
 compacting perm gen  total 25600K, used 25441K [0x13c00000, 0x15500000, 0x17c00000)
   the space 25600K,  99% used [0x13c00000, 0x154d8690, 0x154d8800, 0x15500000)
No shared spaces configured.
Event: 1838.585 GC heap after
Heap after GC invocations=54 (full 5):
 def new generation   total 15488K, used 703K [0x03c00000, 0x04cc0000, 0x09150000)
  eden space 13824K,   0% used [0x03c00000, 0x03c00000, 0x04980000)
  from space 1664K,  42% used [0x04b20000, 0x04bcfca8, 0x04cc0000)
  to   space 1664K,   0% used [0x04980000, 0x04980000, 0x04b20000)
 tenured generation   total 34212K, used 27924K [0x09150000, 0x0b2b9000, 0x13c00000)
   the space 34212K,  81% used [0x09150000, 0x0ac95050, 0x0ac95200, 0x0b2b9000)
 compacting perm gen  total 25600K, used 25441K [0x13c00000, 0x15500000, 0x17c00000)
   the space 25600K,  99% used [0x13c00000, 0x154d8690, 0x154d8800, 0x15500000)
No shared spaces configured.
}
Event: 1838.809 GC heap before
{Heap before GC invocations=54 (full 5):
 def new generation   total 15488K, used 14527K [0x03c00000, 0x04cc0000, 0x09150000)
  eden space 13824K, 100% used [0x03c00000, 0x04980000, 0x04980000)
  from space 1664K,  42% used [0x04b20000, 0x04bcfca8, 0x04cc0000)
  to   space 1664K,   0% used [0x04980000, 0x04980000, 0x04b20000)
 tenured generation   total 34212K, used 27924K [0x09150000, 0x0b2b9000, 0x13c00000)
   the space 34212K,  81% used [0x09150000, 0x0ac95050, 0x0ac95200, 0x0b2b9000)
 compacting perm gen  total 25600K, used 25441K [0x13c00000, 0x15500000, 0x17c00000)
   the space 25600K,  99% used [0x13c00000, 0x154d86c0, 0x154d8800, 0x15500000)
No shared spaces configured.
Event: 1838.812 GC heap after
Heap after GC invocations=55 (full 5):
 def new generation   total 15488K, used 675K [0x03c00000, 0x04cc0000, 0x09150000)
  eden space 13824K,   0% used [0x03c00000, 0x03c00000, 0x04980000)
  from space 1664K,  40% used [0x04980000, 0x04a28f40, 0x04b20000)
  to   space 1664K,   0% used [0x04b20000, 0x04b20000, 0x04cc0000)
 tenured generation   total 34212K, used 27924K [0x09150000, 0x0b2b9000, 0x13c00000)
   the space 34212K,  81% used [0x09150000, 0x0ac95050, 0x0ac95200, 0x0b2b9000)
 compacting perm gen  total 25600K, used 25441K [0x13c00000, 0x15500000, 0x17c00000)
   the space 25600K,  99% used [0x13c00000, 0x154d86c0, 0x154d8800, 0x15500000)
No shared spaces configured.
}
Event: 1840.147 GC heap before
{Heap before GC invocations=55 (full 5):
 def new generation   total 15488K, used 14499K [0x03c00000, 0x04cc0000, 0x09150000)
  eden space 13824K, 100% used [0x03c00000, 0x04980000, 0x04980000)
  from space 1664K,  40% used [0x04980000, 0x04a28f40, 0x04b20000)
  to   space 1664K,   0% used [0x04b20000, 0x04b20000, 0x04cc0000)
 tenured generation   total 34212K, used 27924K [0x09150000, 0x0b2b9000, 0x13c00000)
   the space 34212K,  81% used [0x09150000, 0x0ac95050, 0x0ac95200, 0x0b2b9000)
 compacting perm gen  total 25600K, used 25441K [0x13c00000, 0x15500000, 0x17c00000)
   the space 25600K,  99% used [0x13c00000, 0x154d86c0, 0x154d8800, 0x15500000)
No shared spaces configured.
Event: 1840.150 GC heap after
Heap after GC invocations=56 (full 5):
 def new generation   total 15488K, used 648K [0x03c00000, 0x04cc0000, 0x09150000)
  eden space 13824K,   0% used [0x03c00000, 0x03c00000, 0x04980000)
  from space 1664K,  38% used [0x04b20000, 0x04bc2318, 0x04cc0000)
  to   space 1664K,   0% used [0x04980000, 0x04980000, 0x04b20000)
 tenured generation   total 34212K, used 27924K [0x09150000, 0x0b2b9000, 0x13c00000)
   the space 34212K,  81% used [0x09150000, 0x0ac95050, 0x0ac95200, 0x0b2b9000)
 compacting perm gen  total 25600K, used 25441K [0x13c00000, 0x15500000, 0x17c00000)
   the space 25600K,  99% used [0x13c00000, 0x154d86c0, 0x154d8800, 0x15500000)
No shared spaces configured.
}

