# JRE version: Java(TM) SE Runtime Environment (7.0_60-b19) (build 1.7.0_60-b19)
# Java VM: Java HotSpot(TM) Client VM (24.60-b09 mixed mode windows-x86 )
Heap
 def new generation   total 7168K, used 4663K [0x02c00000, 0x033c0000, 0x08150000)
  eden space 6400K,  67% used [0x02c00000, 0x0303db58, 0x03240000)
  from space 768K,  41% used [0x03240000, 0x03290328, 0x03300000)
  to   space 768K,   0% used [0x03300000, 0x03300000, 0x033c0000)
 tenured generation   total 15728K, used 12838K [0x08150000, 0x090ac000, 0x12c00000)
   the space 15728K,  81% used [0x08150000, 0x08dd9990, 0x08dd9a00, 0x090ac000)
 compacting perm gen  total 24576K, used 24388K [0x12c00000, 0x14400000, 0x16c00000)
   the space 24576K,  99% used [0x12c00000, 0x143d10d8, 0x143d1200, 0x14400000)
GC Heap History (10 events):
Event: 881.495 GC heap before
{Heap before GC invocations=32 (full 2):
 def new generation   total 7168K, used 6837K [0x02c00000, 0x033c0000, 0x08150000)
  eden space 6400K, 100% used [0x02c00000, 0x03240000, 0x03240000)
  from space 768K,  57% used [0x03300000, 0x0336d7a8, 0x033c0000)
  to   space 768K,   0% used [0x03240000, 0x03240000, 0x03300000)
 tenured generation   total 15728K, used 11740K [0x08150000, 0x090ac000, 0x12c00000)
   the space 15728K,  74% used [0x08150000, 0x08cc7308, 0x08cc7400, 0x090ac000)
 compacting perm gen  total 24064K, used 23957K [0x12c00000, 0x14380000, 0x16c00000)
   the space 24064K,  99% used [0x12c00000, 0x14365760, 0x14365800, 0x14380000)
No shared spaces configured.
Event: 881.502 GC heap after
Heap after GC invocations=33 (full 2):
 def new generation   total 7168K, used 768K [0x02c00000, 0x033c0000, 0x08150000)
  eden space 6400K,   0% used [0x02c00000, 0x02c00000, 0x03240000)
  from space 768K, 100% used [0x03240000, 0x03300000, 0x03300000)
  to   space 768K,   0% used [0x03300000, 0x03300000, 0x033c0000)
 tenured generation   total 15728K, used 11989K [0x08150000, 0x090ac000, 0x12c00000)
   the space 15728K,  76% used [0x08150000, 0x08d05518, 0x08d05600, 0x090ac000)
 compacting perm gen  total 24064K, used 23957K [0x12c00000, 0x14380000, 0x16c00000)
   the space 24064K,  99% used [0x12c00000, 0x14365760, 0x14365800, 0x14380000)
No shared spaces configured.
}
Event: 902.221 GC heap before
{Heap before GC invocations=33 (full 2):
 def new generation   total 7168K, used 7168K [0x02c00000, 0x033c0000, 0x08150000)
  eden space 6400K, 100% used [0x02c00000, 0x03240000, 0x03240000)
  from space 768K, 100% used [0x03240000, 0x03300000, 0x03300000)
  to   space 768K,   0% used [0x03300000, 0x03300000, 0x033c0000)
 tenured generation   total 15728K, used 11989K [0x08150000, 0x090ac000, 0x12c00000)
   the space 15728K,  76% used [0x08150000, 0x08d05518, 0x08d05600, 0x090ac000)
 compacting perm gen  total 24064K, used 23973K [0x12c00000, 0x14380000, 0x16c00000)
   the space 24064K,  99% used [0x12c00000, 0x143695d0, 0x14369600, 0x14380000)
No shared spaces configured.
Event: 902.227 GC heap after
Heap after GC invocations=34 (full 2):
 def new generation   total 7168K, used 114K [0x02c00000, 0x033c0000, 0x08150000)
  eden space 6400K,   0% used [0x02c00000, 0x02c00000, 0x03240000)
  from space 768K,  14% used [0x03300000, 0x0331c8f8, 0x033c0000)
  to   space 768K,   0% used [0x03240000, 0x03240000, 0x03300000)
 tenured generation   total 15728K, used 12726K [0x08150000, 0x090ac000, 0x12c00000)
   the space 15728K,  80% used [0x08150000, 0x08dbdb50, 0x08dbdc00, 0x090ac000)
 compacting perm gen  total 24064K, used 23973K [0x12c00000, 0x14380000, 0x16c00000)
   the space 24064K,  99% used [0x12c00000, 0x143695d0, 0x14369600, 0x14380000)
No shared spaces configured.
}
Event: 1034.956 GC heap before
{Heap before GC invocations=34 (full 2):
 def new generation   total 7168K, used 6514K [0x02c00000, 0x033c0000, 0x08150000)
  eden space 6400K, 100% used [0x02c00000, 0x03240000, 0x03240000)
  from space 768K,  14% used [0x03300000, 0x0331c8f8, 0x033c0000)
  to   space 768K,   0% used [0x03240000, 0x03240000, 0x03300000)
 tenured generation   total 15728K, used 12726K [0x08150000, 0x090ac000, 0x12c00000)
   the space 15728K,  80% used [0x08150000, 0x08dbdb50, 0x08dbdc00, 0x090ac000)
 compacting perm gen  total 24064K, used 24039K [0x12c00000, 0x14380000, 0x16c00000)
   the space 24064K,  99% used [0x12c00000, 0x14379fd8, 0x1437a000, 0x14380000)
No shared spaces configured.
Event: 1034.960 GC heap after
Heap after GC invocations=35 (full 2):
 def new generation   total 7168K, used 381K [0x02c00000, 0x033c0000, 0x08150000)
  eden space 6400K,   0% used [0x02c00000, 0x02c00000, 0x03240000)
  from space 768K,  49% used [0x03240000, 0x0329f730, 0x03300000)
  to   space 768K,   0% used [0x03300000, 0x03300000, 0x033c0000)
 tenured generation   total 15728K, used 12726K [0x08150000, 0x090ac000, 0x12c00000)
   the space 15728K,  80% used [0x08150000, 0x08dbdb50, 0x08dbdc00, 0x090ac000)
 compacting perm gen  total 24064K, used 24039K [0x12c00000, 0x14380000, 0x16c00000)
   the space 24064K,  99% used [0x12c00000, 0x14379fd8, 0x1437a000, 0x14380000)
No shared spaces configured.
}
Event: 1799.749 GC heap before
{Heap before GC invocations=35 (full 2):
 def new generation   total 7168K, used 6781K [0x02c00000, 0x033c0000, 0x08150000)
  eden space 6400K, 100% used [0x02c00000, 0x03240000, 0x03240000)
  from space 768K,  49% used [0x03240000, 0x0329f730, 0x03300000)
  to   space 768K,   0% used [0x03300000, 0x03300000, 0x033c0000)
 tenured generation   total 15728K, used 12726K [0x08150000, 0x090ac000, 0x12c00000)
   the space 15728K,  80% used [0x08150000, 0x08dbdb50, 0x08dbdc00, 0x090ac000)
 compacting perm gen  total 24320K, used 24176K [0x12c00000, 0x143c0000, 0x16c00000)
   the space 24320K,  99% used [0x12c00000, 0x1439c3b8, 0x1439c400, 0x143c0000)
No shared spaces configured.
Event: 1799.754 GC heap after
Heap after GC invocations=36 (full 2):
 def new generation   total 7168K, used 650K [0x02c00000, 0x033c0000, 0x08150000)
  eden space 6400K,   0% used [0x02c00000, 0x02c00000, 0x03240000)
  from space 768K,  84% used [0x03300000, 0x033a28e0, 0x033c0000)
  to   space 768K,   0% used [0x03240000, 0x03240000, 0x03300000)
 tenured generation   total 15728K, used 12726K [0x08150000, 0x090ac000, 0x12c00000)
   the space 15728K,  80% used [0x08150000, 0x08dbdb50, 0x08dbdc00, 0x090ac000)
 compacting perm gen  total 24320K, used 24176K [0x12c00000, 0x143c0000, 0x16c00000)
   the space 24320K,  99% used [0x12c00000, 0x1439c3b8, 0x1439c400, 0x143c0000)
No shared spaces configured.
}
Event: 2246.900 GC heap before
{Heap before GC invocations=36 (full 2):
 def new generation   total 7168K, used 7050K [0x02c00000, 0x033c0000, 0x08150000)
  eden space 6400K, 100% used [0x02c00000, 0x03240000, 0x03240000)
  from space 768K,  84% used [0x03300000, 0x033a28e0, 0x033c0000)
  to   space 768K,   0% used [0x03240000, 0x03240000, 0x03300000)
 tenured generation   total 15728K, used 12726K [0x08150000, 0x090ac000, 0x12c00000)
   the space 15728K,  80% used [0x08150000, 0x08dbdb50, 0x08dbdc00, 0x090ac000)
 compacting perm gen  total 24320K, used 24253K [0x12c00000, 0x143c0000, 0x16c00000)
   the space 24320K,  99% used [0x12c00000, 0x143af4e8, 0x143af600, 0x143c0000)
No shared spaces configured.
Event: 2246.905 GC heap after
Heap after GC invocations=37 (full 2):
 def new generation   total 7168K, used 320K [0x02c00000, 0x033c0000, 0x08150000)
  eden space 6400K,   0% used [0x02c00000, 0x02c00000, 0x03240000)
  from space 768K,  41% used [0x03240000, 0x03290328, 0x03300000)
  to   space 768K,   0% used [0x03300000, 0x03300000, 0x033c0000)
 tenured generation   total 15728K, used 12838K [0x08150000, 0x090ac000, 0x12c00000)
   the space 15728K,  81% used [0x08150000, 0x08dd9990, 0x08dd9a00, 0x090ac000)
 compacting perm gen  total 24320K, used 24253K [0x12c00000, 0x143c0000, 0x16c00000)
   the space 24320K,  99% used [0x12c00000, 0x143af4e8, 0x143af600, 0x143c0000)
No shared spaces configured.
}

